<?xml version="1.0" encoding="utf-8"?><testsuites name="pytest tests"><testsuite name="pytest" errors="0" failures="1" skipped="0" tests="32" time="8.209" timestamp="2026-04-29T00:03:43.413748+00:00" hostname="agent-env-c9ad32f0-32b3-42ee-9200-5c5c0696ceb0"><testcase classname="backend.tests.backend_test.TestAuth" name="test_login_admin" time="0.394" /><testcase classname="backend.tests.backend_test.TestAuth" name="test_login_operator" time="0.388" /><testcase classname="backend.tests.backend_test.TestAuth" name="test_me_with_cookie" time="0.392" /><testcase classname="backend.tests.backend_test.TestAuth" name="test_logout_clears_cookie" time="0.379" /><testcase classname="backend.tests.backend_test.TestAuth" name="test_me_unauthenticated" time="0.112" /><testcase classname="backend.tests.backend_test.TestAuth" name="test_brute_force_lockout" time="0.935"><failure message="AssertionError: no 429 seen, codes=[401, 401, 401, 401, 401, 401, 401]&#10;assert 429 in [401, 401, 401, 401, 401, 401, ...]">backend/tests/backend_test.py:89: in test_brute_force_lockout
    assert 429 in codes, f"no 429 seen, codes={codes}"
E   AssertionError: no 429 seen, codes=[401, 401, 401, 401, 401, 401, 401]
E   assert 429 in [401, 401, 401, 401, 401, 401, ...]</failure></testcase><testcase classname="backend.tests.backend_test.TestPlayers" name="test_list_players" time="0.399" /><testcase classname="backend.tests.backend_test.TestPlayers" name="test_create_get_update" time="0.224" /><testcase classname="backend.tests.backend_test.TestPlayers" name="test_player_profile" time="0.048" /><testcase classname="backend.tests.backend_test.TestPlayers" name="test_operator_cannot_delete_player" time="0.569" /><testcase classname="backend.tests.backend_test.TestPointStructures" name="test_default_seeded" time="0.050" /><testcase classname="backend.tests.backend_test.TestPointStructures" name="test_create_update_delete_admin_only" time="0.230" /><testcase classname="backend.tests.backend_test.TestTournaments" name="test_create_admin_only" time="0.054" /><testcase classname="backend.tests.backend_test.TestTournaments" name="test_list" time="0.288" /><testcase classname="backend.tests.backend_test.TestTournaments" name="test_status_transitions" time="0.178" /><testcase classname="backend.tests.backend_test.TestTournaments" name="test_entry_buyin_charge" time="0.109" /><testcase classname="backend.tests.backend_test.TestTournaments" name="test_entry_actions_increment" time="0.399" /><testcase classname="backend.tests.backend_test.TestTournaments" name="test_set_position_and_points" time="0.097" /><testcase classname="backend.tests.backend_test.TestTournaments" name="test_summary" time="0.048" /><testcase classname="backend.tests.backend_test.TestTournaments" name="test_prize_distribution" time="0.060" /><testcase classname="backend.tests.backend_test.TestCashier" name="test_pending_listing" time="0.062" /><testcase classname="backend.tests.backend_test.TestCashier" name="test_pay_cash_then_debt" time="0.386" /><testcase classname="backend.tests.backend_test.TestCashier" name="test_debtors_list" time="0.054" /><testcase classname="backend.tests.backend_test.TestCashier" name="test_debt_payment_reduces" time="0.144" /><testcase classname="backend.tests.backend_test.TestCashier" name="test_entry_blocked_if_debt" time="0.643" /><testcase classname="backend.tests.backend_test.TestCashTables" name="test_full_flow" time="0.783" /><testcase classname="backend.tests.backend_test.TestRankings" name="test_rankings" time="0.051" /><testcase classname="backend.tests.backend_test.TestRankings" name="test_rankings_filtered" time="0.049" /><testcase classname="backend.tests.backend_test.TestDashboard" name="test_summary" time="0.062" /><testcase classname="backend.tests.backend_test.TestDashboard" name="test_revenue" time="0.057" /><testcase classname="backend.tests.backend_test.TestRBAC" name="test_operator_cannot_create_user" time="0.052" /><testcase classname="backend.tests.backend_test.TestRBAC" name="test_admin_can_list_users" time="0.374" /></testsuite></testsuites>